app/build/intermediates/manifest_merge_blame_file/debug/processDebugMainManifest/manifest-merger-blame-debug-report.txt
1<?xml version="1.0" encoding="utf-8"?>
2<manifest xmlns:android="http://schemas.android.com/apk/res/android"
3    package="com.example.uts_lec"
4    android:versionCode="1"
5    android:versionName="1.0" >
6
7    <uses-sdk
8        android:minSdkVersion="24"
9        android:targetSdkVersion="34" />
10
11    <uses-permission android:name="android.permission.INTERNET" />
11-->src\main\AndroidManifest.xml:5:5-67
11-->src\main\AndroidManifest.xml:5:22-64
12    <uses-permission android:name="android.permission.CAMERA" />
12-->src\main\AndroidManifest.xml:6:5-65
12-->src\main\AndroidManifest.xml:6:22-62
13
14    <uses-feature
14-->src\main\AndroidManifest.xml:7:5-85
15        android:name="android.hardware.camera"
15-->src\main\AndroidManifest.xml:7:19-57
16        android:required="false" />
16-->src\main\AndroidManifest.xml:7:58-82
17
18    <uses-permission android:name="android.permission.WRITE_EXTERNAL_STORAGE" />
18-->src\main\AndroidManifest.xml:8:5-81
18-->src\main\AndroidManifest.xml:8:22-78
19    <uses-permission android:name="android.permission.READ_EXTERNAL_STORAGE" />
19-->src\main\AndroidManifest.xml:9:5-79
19-->src\main\AndroidManifest.xml:9:22-77
20    <uses-permission android:name="android.permission.ACCESS_NETWORK_STATE" />
20-->[com.google.firebase:firebase-auth:22.1.0] AndroidManifest.xml:26:5-79
20-->[com.google.firebase:firebase-auth:22.1.0] AndroidManifest.xml:26:22-76
21
22    <permission
22-->[androidx.core:core:1.13.1] AndroidManifest.xml:22:5-24:47
23        android:name="com.example.uts_lec.DYNAMIC_RECEIVER_NOT_EXPORTED_PERMISSION"
23-->[androidx.core:core:1.13.1] AndroidManifest.xml:23:9-81
24        android:protectionLevel="signature" />
24-->[androidx.core:core:1.13.1] AndroidManifest.xml:24:9-44
25
26    <uses-permission android:name="com.example.uts_lec.DYNAMIC_RECEIVER_NOT_EXPORTED_PERMISSION" />
26-->[androidx.core:core:1.13.1] AndroidManifest.xml:26:5-97
26-->[androidx.core:core:1.13.1] AndroidManifest.xml:26:22-94
27
28    <application
28-->src\main\AndroidManifest.xml:12:5-72:19
29        android:allowBackup="true"
29-->src\main\AndroidManifest.xml:13:9-35
30        android:appComponentFactory="androidx.core.app.CoreComponentFactory"
30-->[androidx.core:core:1.13.1] AndroidManifest.xml:28:18-86
31        android:dataExtractionRules="@xml/data_extraction_rules"
31-->src\main\AndroidManifest.xml:14:9-65
32        android:debuggable="true"
33        android:extractNativeLibs="false"
34        android:fullBackupContent="@xml/backup_rules"
34-->src\main\AndroidManifest.xml:15:9-54
35        android:icon="@mipmap/ic_launcher"
35-->src\main\AndroidManifest.xml:16:9-43
36        android:label="@string/app_name"
36-->src\main\AndroidManifest.xml:17:9-41
37        android:roundIcon="@mipmap/ic_launcher_round"
37-->src\main\AndroidManifest.xml:18:9-54
38        android:supportsRtl="true"
38-->src\main\AndroidManifest.xml:19:9-35
39        android:theme="@style/Theme.Utslec" >
39-->src\main\AndroidManifest.xml:20:9-44
40        <activity
40-->src\main\AndroidManifest.xml:23:9-25:40
41            android:name="com.example.uts_lec.AccountSettingsActivity"
41-->src\main\AndroidManifest.xml:24:13-52
42            android:exported="false" />
42-->src\main\AndroidManifest.xml:25:13-37
43        <activity
43-->src\main\AndroidManifest.xml:26:9-28:40
44            android:name="com.example.uts_lec.AddFriendActivity"
44-->src\main\AndroidManifest.xml:27:13-46
45            android:exported="false" />
45-->src\main\AndroidManifest.xml:28:13-37
46        <activity
46-->src\main\AndroidManifest.xml:29:9-32:63
47            android:name="com.example.uts_lec.EditAccountActivity"
47-->src\main\AndroidManifest.xml:30:13-48
48            android:exported="false"
48-->src\main\AndroidManifest.xml:31:13-37
49            android:theme="@style/Theme.EditAccountActivity" />
49-->src\main\AndroidManifest.xml:32:13-61
50        <activity
50-->src\main\AndroidManifest.xml:33:9-36:63
51            android:name="com.example.uts_lec.ProfilePageActivity"
51-->src\main\AndroidManifest.xml:34:13-48
52            android:exported="false"
52-->src\main\AndroidManifest.xml:35:13-37
53            android:theme="@style/Theme.ProfilePageActivity" />
53-->src\main\AndroidManifest.xml:36:13-61
54        <activity
54-->src\main\AndroidManifest.xml:37:9-46:20
55            android:name="com.example.uts_lec.MainActivity"
55-->src\main\AndroidManifest.xml:38:13-41
56            android:exported="true"
56-->src\main\AndroidManifest.xml:39:13-36
57            android:label="@string/app_name"
57-->src\main\AndroidManifest.xml:40:13-45
58            android:theme="@style/Theme.Utslec" >
58-->src\main\AndroidManifest.xml:41:13-48
59            <intent-filter>
59-->src\main\AndroidManifest.xml:42:13-45:29
60                <action android:name="android.intent.action.MAIN" />
60-->src\main\AndroidManifest.xml:43:17-69
60-->src\main\AndroidManifest.xml:43:25-66
61
62                <category android:name="android.intent.category.LAUNCHER" />
62-->src\main\AndroidManifest.xml:44:17-77
62-->src\main\AndroidManifest.xml:44:27-74
63            </intent-filter>
64        </activity>
65        <activity
65-->src\main\AndroidManifest.xml:47:9-49:51
66            android:name="com.example.uts_lec.SignUpActivity"
66-->src\main\AndroidManifest.xml:48:13-43
67            android:theme="@style/Theme.SignUp" />
67-->src\main\AndroidManifest.xml:49:13-48
68        <activity
68-->src\main\AndroidManifest.xml:50:9-52:51
69            android:name="com.example.uts_lec.SignInActivity"
69-->src\main\AndroidManifest.xml:51:13-43
70            android:theme="@style/Theme.SignIn" />
70-->src\main\AndroidManifest.xml:52:13-48
71        <activity
71-->src\main\AndroidManifest.xml:53:9-55:57
72            android:name="com.example.uts_lec.MenuActivity"
72-->src\main\AndroidManifest.xml:54:13-41
73            android:theme="@style/Theme.MenuActivity" />
73-->src\main\AndroidManifest.xml:55:13-54
74        <activity
74-->src\main\AndroidManifest.xml:56:9-58:57
75            android:name="com.example.uts_lec.AddCaptionActivity"
75-->src\main\AndroidManifest.xml:57:13-47
76            android:theme="@style/Theme.MenuActivity" />
76-->src\main\AndroidManifest.xml:58:13-54
77        <activity
77-->src\main\AndroidManifest.xml:59:9-61:57
78            android:name="com.example.uts_lec.DMPage"
78-->src\main\AndroidManifest.xml:60:13-35
79            android:theme="@style/Theme.MenuActivity" />
79-->src\main\AndroidManifest.xml:61:13-54
80
81        <provider
82            android:name="androidx.core.content.FileProvider"
82-->src\main\AndroidManifest.xml:64:13-62
83            android:authorities="com.example.uts_lec.fileprovider"
83-->src\main\AndroidManifest.xml:65:13-64
84            android:exported="false"
84-->src\main\AndroidManifest.xml:66:13-37
85            android:grantUriPermissions="true" >
85-->src\main\AndroidManifest.xml:67:13-47
86            <meta-data
86-->src\main\AndroidManifest.xml:68:13-70:54
87                android:name="android.support.FILE_PROVIDER_PATHS"
87-->src\main\AndroidManifest.xml:69:17-67
88                android:resource="@xml/file_paths" />
88-->src\main\AndroidManifest.xml:70:17-51
89        </provider>
90
91        <activity
91-->[androidx.compose.ui:ui-tooling-android:1.6.6] AndroidManifest.xml:23:9-25:39
92            android:name="androidx.compose.ui.tooling.PreviewActivity"
92-->[androidx.compose.ui:ui-tooling-android:1.6.6] AndroidManifest.xml:24:13-71
93            android:exported="true" />
93-->[androidx.compose.ui:ui-tooling-android:1.6.6] AndroidManifest.xml:25:13-36
94        <activity
94-->[androidx.compose.ui:ui-test-manifest:1.6.6] AndroidManifest.xml:23:9-25:39
95            android:name="androidx.activity.ComponentActivity"
95-->[androidx.compose.ui:ui-test-manifest:1.6.6] AndroidManifest.xml:24:13-63
96            android:exported="true" />
96-->[androidx.compose.ui:ui-test-manifest:1.6.6] AndroidManifest.xml:25:13-36
97
98        <service
98-->[com.google.firebase:firebase-auth-ktx:22.1.0] AndroidManifest.xml:8:9-14:19
99            android:name="com.google.firebase.components.ComponentDiscoveryService"
99-->[com.google.firebase:firebase-auth-ktx:22.1.0] AndroidManifest.xml:9:13-84
100            android:directBootAware="true"
100-->[com.google.firebase:firebase-common:20.3.3] AndroidManifest.xml:34:13-43
101            android:exported="false" >
101-->[com.google.firebase:firebase-auth-ktx:22.1.0] AndroidManifest.xml:10:13-37
102            <meta-data
102-->[com.google.firebase:firebase-auth-ktx:22.1.0] AndroidManifest.xml:11:13-13:85
103                android:name="com.google.firebase.components:com.google.firebase.auth.ktx.FirebaseAuthKtxRegistrar"
103-->[com.google.firebase:firebase-auth-ktx:22.1.0] AndroidManifest.xml:12:17-116
104                android:value="com.google.firebase.components.ComponentRegistrar" />
104-->[com.google.firebase:firebase-auth-ktx:22.1.0] AndroidManifest.xml:13:17-82
105            <meta-data
105-->[com.google.firebase:firebase-auth:22.1.0] AndroidManifest.xml:69:13-71:85
106                android:name="com.google.firebase.components:com.google.firebase.auth.FirebaseAuthRegistrar"
106-->[com.google.firebase:firebase-auth:22.1.0] AndroidManifest.xml:70:17-109
107                android:value="com.google.firebase.components.ComponentRegistrar" />
107-->[com.google.firebase:firebase-auth:22.1.0] AndroidManifest.xml:71:17-82
108            <meta-data
108-->[com.google.firebase:firebase-storage-ktx:20.2.1] AndroidManifest.xml:14:13-16:85
109                android:name="com.google.firebase.components:com.google.firebase.storage.ktx.FirebaseStorageKtxRegistrar"
109-->[com.google.firebase:firebase-storage-ktx:20.2.1] AndroidManifest.xml:15:17-122
110                android:value="com.google.firebase.components.ComponentRegistrar" />
110-->[com.google.firebase:firebase-storage-ktx:20.2.1] AndroidManifest.xml:16:17-82
111            <meta-data
111-->[com.google.firebase:firebase-database-ktx:20.2.2] AndroidManifest.xml:14:13-16:85
112                android:name="com.google.firebase.components:com.google.firebase.database.ktx.FirebaseDatabaseKtxRegistrar"
112-->[com.google.firebase:firebase-database-ktx:20.2.2] AndroidManifest.xml:15:17-124
113                android:value="com.google.firebase.components.ComponentRegistrar" />
113-->[com.google.firebase:firebase-database-ktx:20.2.2] AndroidManifest.xml:16:17-82
114            <meta-data
114-->[com.google.firebase:firebase-common-ktx:20.3.3] AndroidManifest.xml:14:13-16:85
115                android:name="com.google.firebase.components:com.google.firebase.ktx.FirebaseCommonKtxRegistrar"
115-->[com.google.firebase:firebase-common-ktx:20.3.3] AndroidManifest.xml:15:17-113
116                android:value="com.google.firebase.components.ComponentRegistrar" />
116-->[com.google.firebase:firebase-common-ktx:20.3.3] AndroidManifest.xml:16:17-82
117            <meta-data
117-->[com.google.firebase:firebase-storage:20.2.1] AndroidManifest.xml:32:13-34:85
118                android:name="com.google.firebase.components:com.google.firebase.storage.StorageRegistrar"
118-->[com.google.firebase:firebase-storage:20.2.1] AndroidManifest.xml:33:17-107
119                android:value="com.google.firebase.components.ComponentRegistrar" />
119-->[com.google.firebase:firebase-storage:20.2.1] AndroidManifest.xml:34:17-82
120            <meta-data
120-->[com.google.firebase:firebase-database:20.2.2] AndroidManifest.xml:31:13-33:85
121                android:name="com.google.firebase.components:com.google.firebase.database.DatabaseRegistrar"
121-->[com.google.firebase:firebase-database:20.2.2] AndroidManifest.xml:32:17-109
122                android:value="com.google.firebase.components.ComponentRegistrar" />
122-->[com.google.firebase:firebase-database:20.2.2] AndroidManifest.xml:33:17-82
123        </service>
124
125        <activity
125-->[com.google.firebase:firebase-auth:22.1.0] AndroidManifest.xml:29:9-46:20
126            android:name="com.google.firebase.auth.internal.GenericIdpActivity"
126-->[com.google.firebase:firebase-auth:22.1.0] AndroidManifest.xml:30:13-80
127            android:excludeFromRecents="true"
127-->[com.google.firebase:firebase-auth:22.1.0] AndroidManifest.xml:31:13-46
128            android:exported="true"
128-->[com.google.firebase:firebase-auth:22.1.0] AndroidManifest.xml:32:13-36
129            android:launchMode="singleTask"
129-->[com.google.firebase:firebase-auth:22.1.0] AndroidManifest.xml:33:13-44
130            android:theme="@android:style/Theme.Translucent.NoTitleBar" >
130-->[com.google.firebase:firebase-auth:22.1.0] AndroidManifest.xml:34:13-72
131            <intent-filter>
131-->[com.google.firebase:firebase-auth:22.1.0] AndroidManifest.xml:35:13-45:29
132                <action android:name="android.intent.action.VIEW" />
132-->[com.google.firebase:firebase-auth:22.1.0] AndroidManifest.xml:36:17-69
132-->[com.google.firebase:firebase-auth:22.1.0] AndroidManifest.xml:36:25-66
133
134                <category android:name="android.intent.category.DEFAULT" />
134-->[com.google.firebase:firebase-auth:22.1.0] AndroidManifest.xml:38:17-76
134-->[com.google.firebase:firebase-auth:22.1.0] AndroidManifest.xml:38:27-73
135                <category android:name="android.intent.category.BROWSABLE" />
135-->[com.google.firebase:firebase-auth:22.1.0] AndroidManifest.xml:39:17-78
135-->[com.google.firebase:firebase-auth:22.1.0] AndroidManifest.xml:39:27-75
136
137                <data
137-->[com.google.firebase:firebase-auth:22.1.0] AndroidManifest.xml:41:17-44:51
138                    android:host="firebase.auth"
138-->[com.google.firebase:firebase-auth:22.1.0] AndroidManifest.xml:42:21-49
139                    android:path="/"
139-->[com.google.firebase:firebase-auth:22.1.0] AndroidManifest.xml:43:21-37
140                    android:scheme="genericidp" />
140-->[com.google.firebase:firebase-auth:22.1.0] AndroidManifest.xml:44:21-48
141            </intent-filter>
142        </activity>
143        <activity
143-->[com.google.firebase:firebase-auth:22.1.0] AndroidManifest.xml:47:9-64:20
144            android:name="com.google.firebase.auth.internal.RecaptchaActivity"
144-->[com.google.firebase:firebase-auth:22.1.0] AndroidManifest.xml:48:13-79
145            android:excludeFromRecents="true"
145-->[com.google.firebase:firebase-auth:22.1.0] AndroidManifest.xml:49:13-46
146            android:exported="true"
146-->[com.google.firebase:firebase-auth:22.1.0] AndroidManifest.xml:50:13-36
147            android:launchMode="singleTask"
147-->[com.google.firebase:firebase-auth:22.1.0] AndroidManifest.xml:51:13-44
148            android:theme="@android:style/Theme.Translucent.NoTitleBar" >
148-->[com.google.firebase:firebase-auth:22.1.0] AndroidManifest.xml:52:13-72
149            <intent-filter>
149-->[com.google.firebase:firebase-auth:22.1.0] AndroidManifest.xml:53:13-63:29
150                <action android:name="android.intent.action.VIEW" />
150-->[com.google.firebase:firebase-auth:22.1.0] AndroidManifest.xml:36:17-69
150-->[com.google.firebase:firebase-auth:22.1.0] AndroidManifest.xml:36:25-66
151
152                <category android:name="android.intent.category.DEFAULT" />
152-->[com.google.firebase:firebase-auth:22.1.0] AndroidManifest.xml:38:17-76
152-->[com.google.firebase:firebase-auth:22.1.0] AndroidManifest.xml:38:27-73
153                <category android:name="android.intent.category.BROWSABLE" />
153-->[com.google.firebase:firebase-auth:22.1.0] AndroidManifest.xml:39:17-78
153-->[com.google.firebase:firebase-auth:22.1.0] AndroidManifest.xml:39:27-75
154
155                <data
155-->[com.google.firebase:firebase-auth:22.1.0] AndroidManifest.xml:41:17-44:51
156                    android:host="firebase.auth"
156-->[com.google.firebase:firebase-auth:22.1.0] AndroidManifest.xml:42:21-49
157                    android:path="/"
157-->[com.google.firebase:firebase-auth:22.1.0] AndroidManifest.xml:43:21-37
158                    android:scheme="recaptcha" />
158-->[com.google.firebase:firebase-auth:22.1.0] AndroidManifest.xml:44:21-48
159            </intent-filter>
160        </activity>
161
162        <provider
162-->[com.google.firebase:firebase-common:20.3.3] AndroidManifest.xml:25:9-30:39
163            android:name="com.google.firebase.provider.FirebaseInitProvider"
163-->[com.google.firebase:firebase-common:20.3.3] AndroidManifest.xml:26:13-77
164            android:authorities="com.example.uts_lec.firebaseinitprovider"
164-->[com.google.firebase:firebase-common:20.3.3] AndroidManifest.xml:27:13-72
165            android:directBootAware="true"
165-->[com.google.firebase:firebase-common:20.3.3] AndroidManifest.xml:28:13-43
166            android:exported="false"
166-->[com.google.firebase:firebase-common:20.3.3] AndroidManifest.xml:29:13-37
167            android:initOrder="100" />
167-->[com.google.firebase:firebase-common:20.3.3] AndroidManifest.xml:30:13-36
168
169        <activity
169-->[com.google.android.gms:play-services-base:18.1.0] AndroidManifest.xml:20:9-22:45
170            android:name="com.google.android.gms.common.api.GoogleApiActivity"
170-->[com.google.android.gms:play-services-base:18.1.0] AndroidManifest.xml:20:19-85
171            android:exported="false"
171-->[com.google.android.gms:play-services-base:18.1.0] AndroidManifest.xml:22:19-43
172            android:theme="@android:style/Theme.Translucent.NoTitleBar" />
172-->[com.google.android.gms:play-services-base:18.1.0] AndroidManifest.xml:21:19-78
173
174        <provider
174-->[androidx.emoji2:emoji2:1.3.0] AndroidManifest.xml:24:9-32:20
175            android:name="androidx.startup.InitializationProvider"
175-->[androidx.emoji2:emoji2:1.3.0] AndroidManifest.xml:25:13-67
176            android:authorities="com.example.uts_lec.androidx-startup"
176-->[androidx.emoji2:emoji2:1.3.0] AndroidManifest.xml:26:13-68
177            android:exported="false" >
177-->[androidx.emoji2:emoji2:1.3.0] AndroidManifest.xml:27:13-37
178            <meta-data
178-->[androidx.emoji2:emoji2:1.3.0] AndroidManifest.xml:29:13-31:52
179                android:name="androidx.emoji2.text.EmojiCompatInitializer"
179-->[androidx.emoji2:emoji2:1.3.0] AndroidManifest.xml:30:17-75
180                android:value="androidx.startup" />
180-->[androidx.emoji2:emoji2:1.3.0] AndroidManifest.xml:31:17-49
181            <meta-data
181-->[androidx.lifecycle:lifecycle-process:2.8.6] AndroidManifest.xml:29:13-31:52
182                android:name="androidx.lifecycle.ProcessLifecycleInitializer"
182-->[androidx.lifecycle:lifecycle-process:2.8.6] AndroidManifest.xml:30:17-78
183                android:value="androidx.startup" />
183-->[androidx.lifecycle:lifecycle-process:2.8.6] AndroidManifest.xml:31:17-49
184            <meta-data
184-->[androidx.profileinstaller:profileinstaller:1.3.1] AndroidManifest.xml:29:13-31:52
185                android:name="androidx.profileinstaller.ProfileInstallerInitializer"
185-->[androidx.profileinstaller:profileinstaller:1.3.1] AndroidManifest.xml:30:17-85
186                android:value="androidx.startup" />
186-->[androidx.profileinstaller:profileinstaller:1.3.1] AndroidManifest.xml:31:17-49
187        </provider>
188
189        <meta-data
189-->[com.google.android.gms:play-services-basement:18.1.0] AndroidManifest.xml:21:9-23:69
190            android:name="com.google.android.gms.version"
190-->[com.google.android.gms:play-services-basement:18.1.0] AndroidManifest.xml:22:13-58
191            android:value="@integer/google_play_services_version" />
191-->[com.google.android.gms:play-services-basement:18.1.0] AndroidManifest.xml:23:13-66
192
193        <receiver
193-->[androidx.profileinstaller:profileinstaller:1.3.1] AndroidManifest.xml:34:9-52:20
194            android:name="androidx.profileinstaller.ProfileInstallReceiver"
194-->[androidx.profileinstaller:profileinstaller:1.3.1] AndroidManifest.xml:35:13-76
195            android:directBootAware="false"
195-->[androidx.profileinstaller:profileinstaller:1.3.1] AndroidManifest.xml:36:13-44
196            android:enabled="true"
196-->[androidx.profileinstaller:profileinstaller:1.3.1] AndroidManifest.xml:37:13-35
197            android:exported="true"
197-->[androidx.profileinstaller:profileinstaller:1.3.1] AndroidManifest.xml:38:13-36
198            android:permission="android.permission.DUMP" >
198-->[androidx.profileinstaller:profileinstaller:1.3.1] AndroidManifest.xml:39:13-57
199            <intent-filter>
199-->[androidx.profileinstaller:profileinstaller:1.3.1] AndroidManifest.xml:40:13-42:29
200                <action android:name="androidx.profileinstaller.action.INSTALL_PROFILE" />
200-->[androidx.profileinstaller:profileinstaller:1.3.1] AndroidManifest.xml:41:17-91
200-->[androidx.profileinstaller:profileinstaller:1.3.1] AndroidManifest.xml:41:25-88
201            </intent-filter>
202            <intent-filter>
202-->[androidx.profileinstaller:profileinstaller:1.3.1] AndroidManifest.xml:43:13-45:29
203                <action android:name="androidx.profileinstaller.action.SKIP_FILE" />
203-->[androidx.profileinstaller:profileinstaller:1.3.1] AndroidManifest.xml:44:17-85
203-->[androidx.profileinstaller:profileinstaller:1.3.1] AndroidManifest.xml:44:25-82
204            </intent-filter>
205            <intent-filter>
205-->[androidx.profileinstaller:profileinstaller:1.3.1] AndroidManifest.xml:46:13-48:29
206                <action android:name="androidx.profileinstaller.action.SAVE_PROFILE" />
206-->[androidx.profileinstaller:profileinstaller:1.3.1] AndroidManifest.xml:47:17-88
206-->[androidx.profileinstaller:profileinstaller:1.3.1] AndroidManifest.xml:47:25-85
207            </intent-filter>
208            <intent-filter>
208-->[androidx.profileinstaller:profileinstaller:1.3.1] AndroidManifest.xml:49:13-51:29
209                <action android:name="androidx.profileinstaller.action.BENCHMARK_OPERATION" />
209-->[androidx.profileinstaller:profileinstaller:1.3.1] AndroidManifest.xml:50:17-95
209-->[androidx.profileinstaller:profileinstaller:1.3.1] AndroidManifest.xml:50:25-92
210            </intent-filter>
211        </receiver>
212    </application>
213
214</manifest>